<?xml version="1.0" encoding="UTF-8"?>
<!-- Generated by org.testng.reporters.JUnitXMLReporter -->
<testsuite ignored="4" hostname="NazmunS" failures="0" tests="3" name="Test1" time="68.891" errors="0" timestamp="2024-08-28T22:56:10 CDT">
  <testcase classname="islahiArtTest.loginPageTest" name="verifyLogin" time="5.627"/>
  <testcase classname="islahiArtTest.addViewingCartTest" name="verifyAddToCart" time="37.946"/>
  <testcase classname="islahiArtTest.checkOutTest" name="verifyCheckOut" time="17.236"/>
  <testcase classname="reusables.testingBase" name="@AfterTest closeBrowser" time="0.0">
    <ignored/>
  </testcase> <!-- @AfterTest closeBrowser -->
  <testcase classname="reusables.testingBase" name="@AfterTest closeBrowser" time="0.0">
    <ignored/>
  </testcase> <!-- @AfterTest closeBrowser -->
  <testcase classname="reusables.testingBase" name="@BeforeTest testDriver" time="0.0">
    <ignored/>
  </testcase> <!-- @BeforeTest testDriver -->
  <testcase classname="reusables.testingBase" name="@BeforeTest testDriver" time="0.0">
    <ignored/>
  </testcase> <!-- @BeforeTest testDriver -->
</testsuite> <!-- Test1 -->
