<?xml version="1.0" encoding="UTF-8"?>
<testng-results ignored="4" total="7" passed="3" failed="0" skipped="0">
  <reporter-output>
  </reporter-output>
  <suite started-at="2024-08-28T22:55:00 CDT" name="Suite1" finished-at="2024-08-28T22:56:09 CDT" duration-ms="68891">
    <groups>
    </groups>
    <test started-at="2024-08-28T22:55:00 CDT" name="Test1" finished-at="2024-08-28T22:56:09 CDT" duration-ms="68891">
      <class name="islahiArtTest.loginPageTest">
        <test-method is-config="true" signature="testDriver(java.lang.String,java.lang.String)[pri:0, instance:islahiArtTest.loginPageTest@10b9db7b]" started-at="2024-08-28T22:55:01 CDT" name="testDriver" finished-at="2024-08-28T22:55:08 CDT" duration-ms="7468" status="PASS">
          <params>
            <param index="0">
              <value>
                <![CDATA[chrome]]>
              </value>
            </param>
            <param index="1">
              <value>
                <![CDATA[https://islahiart.com/]]>
              </value>
            </param>
          </params>
          <reporter-output>
          </reporter-output>
        </test-method> <!-- testDriver -->
        <test-method signature="verifyLogin()[pri:0, instance:islahiArtTest.loginPageTest@10b9db7b]" started-at="2024-08-28T22:55:08 CDT" name="verifyLogin" finished-at="2024-08-28T22:55:14 CDT" duration-ms="5627" status="PASS">
          <reporter-output>
          </reporter-output>
        </test-method> <!-- verifyLogin -->
        <test-method is-config="true" signature="closeBrowser()[pri:0, instance:islahiArtTest.loginPageTest@10b9db7b]" started-at="2024-08-28T22:56:09 CDT" name="closeBrowser" finished-at="2024-08-28T22:56:09 CDT" duration-ms="258" status="PASS">
          <reporter-output>
          </reporter-output>
        </test-method> <!-- closeBrowser -->
      </class> <!-- islahiArtTest.loginPageTest -->
      <class name="islahiArtTest.checkOutTest">
        <test-method signature="verifyCheckOut()[pri:0, instance:islahiArtTest.checkOutTest@22ffa91a]" started-at="2024-08-28T22:55:52 CDT" name="verifyCheckOut" finished-at="2024-08-28T22:56:09 CDT" duration-ms="17236" status="PASS">
          <reporter-output>
          </reporter-output>
        </test-method> <!-- verifyCheckOut -->
      </class> <!-- islahiArtTest.checkOutTest -->
      <class name="islahiArtTest.addViewingCartTest">
        <test-method signature="verifyAddToCart()[pri:0, instance:islahiArtTest.addViewingCartTest@4b41e4dd]" started-at="2024-08-28T22:55:14 CDT" name="verifyAddToCart" finished-at="2024-08-28T22:55:52 CDT" duration-ms="37946" status="PASS">
          <reporter-output>
          </reporter-output>
        </test-method> <!-- verifyAddToCart -->
      </class> <!-- islahiArtTest.addViewingCartTest -->
    </test> <!-- Test1 -->
  </suite> <!-- Suite1 -->
</testng-results>
